Arguments: 
  C:\Program Files\nodejs\node.exe C:\Users\Vector\AppData\Roaming\npm\node_modules\yarn\bin\yarn.js add @react-native-community/datetimepicker

PATH: 
  C:\Windows\system32;C:\Windows;C:\Windows\System32\Wbem;C:\Windows\System32\WindowsPowerShell\v1.0\;C:\Windows\System32\OpenSSH\;C:\Program Files (x86)\NVIDIA Corporation\PhysX\Common;C:\Program Files\NVIDIA Corporation\NVIDIA NvDLISR;C:\Program Files\Git\cmd;C:\Program Files\nodejs\;C:\Users\Vector\AppData\Local\Microsoft\WindowsApps;;C:\Users\Vector\AppData\Local\Programs\Microsoft VS Code\bin;C:\Users\Vector\AppData\Roaming\npm

Yarn version: 
  1.22.18

Node version: 
  16.15.0

Platform: 
  win32 x64

Trace: 
  Error: EPERM: operation not permitted, copyfile 'C:\Users\Vector\AppData\Local\Yarn\Cache\v6\npm-react-native-0.68.2-07547cd31bb9335a7fa4135cfbdc24e067142585-integrity\node_modules\react-native\Libraries\LogBox\UI\LogBoxImages\close.png' -> 'C:\Users\Vector\Desktop\E-Bus\node_modules\react-native\Libraries\LogBox\UI\LogBoxImages\close.png'

npm manifest: 
  {
    "name": "e-bus",
    "version": "1.0.0",
    "main": "node_modules/expo/AppEntry.js",
    "scripts": {
      "start": "expo start",
      "android": "expo start --android",
      "ios": "expo start --ios",
      "web": "expo start --web",
      "eject": "expo eject"
    },
    "dependencies": {
      "@react-navigation/drawer": "^6.4.1",
      "@react-navigation/native": "^6.0.10",
      "@react-navigation/native-stack": "^6.6.2",
      "@react-navigation/stack": "^6.2.1",
      "expo": "~45.0.0",
      "expo-status-bar": "~1.3.0",
      "react": "17.0.2",
      "react-dom": "17.0.2",
      "react-native": "0.68.2",
      "react-native-elements": "^3.4.2",
      "react-native-gesture-handler": "~2.2.1",
      "react-native-reanimated": "~2.8.0",
      "react-native-safe-area-context": "4.2.4",
      "react-native-screens": "~3.11.1",
      "react-native-status-bar-height": "^2.6.0",
      "react-native-web": "0.17.7"
    },
    "devDependencies": {
      "@babel/core": "^7.12.9"
    },
    "private": true
  }

yarn manifest: 
  No manifest

Lockfile: 
  No lockfile
